<?xml version="1.0" encoding="UTF-8"?>
<!-- Generated by org.testng.reporters.JUnitReportReporter -->
<testsuite hostname="DESKTOP-J200OE5" failures="0" tests="1" name="testClassPackage.Post_TC_1" time="8.020" errors="0" timestamp="2023-05-27T15:11:16 IST" skipped="0">
  <testcase classname="testClassPackage.Post_TC_1" name="execute" time="8.020"/>
  <system-out/>
</testsuite> <!-- testClassPackage.Post_TC_1 -->
