<?xml version="1.0" encoding="UTF-8"?>
<!-- Generated by org.testng.reporters.JUnitReportReporter -->
<testsuite hostname="DESKTOP-J200OE5" failures="0" tests="1" name="testClassPackage.Post_TC_2" time="1.756" errors="0" timestamp="2023-05-27T15:11:16 IST" skipped="0">
  <testcase classname="testClassPackage.Post_TC_2" name="execute" time="1.756"/>
  <system-out/>
</testsuite> <!-- testClassPackage.Post_TC_2 -->
